# Run tests with python3 -m doctest -v tests/4-print_square.txt


IMPORT MODULE:
>>> print_square = __import__('4-print_square').print_square



SUCCESS CASES:

Test for unsigned ints:
=======================
>>> print_square(4)
####
####
####
####

>>> print_square(0)

>>> print_square(2)
##
##


FAILED CASES:

Test for ValueErrors:
====================
Test when size is less than 0
>>> print_square(-4)
Traceback (most recent call last):
...
ValueError: size must be >= 0



Test for TypeErrors:
====================
>>> print_square("2")
Traceback (most recent call last):
...
TypeError: size must be an integer

>>> print_square(None)
Traceback (most recent call last):
...
TypeError: size must be an integer

>>> print_square(10.9)
Traceback (most recent call last):
...
TypeError: size must be an integer

>>> print_square()
Traceback (most recent call last):
...
TypeError: print_square() missing 1 required positional argument: 'size'

>>> print_square(6, 10)
Traceback (most recent call last):
...
TypeError: print_square() takes 1 positional argument but 2 were given

>>> print_square(float("inf"))
Traceback (most recent call last):
...
TypeError: size must be an integer

>>> print_square(float("-inf"))
Traceback (most recent call last):
...
TypeError: size must be an integer

>>> print_square(float("NaN"))
Traceback (most recent call last):
...
TypeError: size must be an integer
